
==========================================
[RUN] one row=11 ip=172.16.102.80 time=17.04.2026 12:25:50,79
COMMAND: C:\labels\dist\print_datamatrix_zpl_graphics_from_excel_v3.1.exe --excel "C:\labels\data.xlsx" --column barcode --gtin-column gtin --name-column name --ip 172.16.102.80 --x 100 --y 40 --module-size 4 --text-offset-y 150 --text-width-px 450 --gtin-font-size 24 --name-font-size 30 --ai21-font-size 22 --line-gap 5 --name-max-lines 2 --font-path "C:\Windows\Fonts\arial.ttf" --eac-logo-path eac.png --eac-height-px 64 --eac-gap-px 16 --eac-offset-x 130 --eac-offset-y 0 --row 11
[DEBUG] Excel row: 13
[DEBUG] repr(barcode_value):
'0104660695360122215rWR;ivSg>QaOlb%McRJ_x001D_91EE11_x001D_92M+8xlBqza6mPgbfEmR0L6puQgmgVJWoCYxkCrjME7VA='

[DEBUG] payload length: 92
[DEBUG] payload hex:
303130343636303639353336303132323231357257523b697653673e51614f6c62254d63524a1d3931454531311d39324d2b38786c42717a61366d50676266456d52304c36707551676d67564a576f4359786b43726a4d453756413d

[DEBUG] GS count: 2
[DEBUG] payload visualized:
b'0104660695360122215rWR;ivSg>QaOlb%McRJ<GS>91EE11<GS>92M+8xlBqza6mPgbfEmR0L6puQgmgVJWoCYxkCrjME7VA='

[DEBUG] GTIN lines:
  [1] 04660695360122

[DEBUG] NAME lines:
  [1] UV КЮЛОЮ 185 МЛ, 265020601

[DEBUG] AI21 lines:
  [1] (21) 5rWR;ivSg>QaO

[DEBUG] text image size: (450, 81)
[DEBUG] eac image size: (115, 64)
[DEBUG] eac offset: 130 0
[DEBUG] text offset y: 150
[DEBUG] ZPL length: 11358
[DEBUG] First 300 bytes of ZPL:
b'^XA\r\n^FO100,40\r\n^BXN,4,200\r\n^FD0104660695360122215rWR;ivSg>QaOlb%McRJ\x1d91EE11\x1d92M+8xlBqza6mPgbfEmR0L6puQgmgVJWoCYxkCrjME7VA=^FS\r\n^FO230,40\r\n^GFA,960,960,15,0000000000000000000000000000000000000000000000000000000000000000000000000000000000000000000000000000000000000000000000000000000000000000000000000'

[INFO] нРОПЮБЙЮ ОН TCP: 172.16.102.80:9100
[OK] йНЛЮМДЮ НРОПЮБКЕМЮ МЮ ОПХМРЕП

