
==========================================
[RUN] one row=7 ip=172.16.102.80 time=20.04.2026 12:48:21,73
[DEBUG] Excel row: 9
[DEBUG] repr(barcode_value):
'0104660695360146215:NVWQMbtLuI5Y9/u?+h_x001D_91EE12_x001D_92hC7m5CRGMJ1wy+CX1y0pbkqS8wd5S1n6XUTyZr0YK0I='

[DEBUG] payload length: 92
[DEBUG] payload hex:
303130343636303639353336303134363231353a4e5657514d62744c75493559392f753f2b681d3931454531321d39326843376d354352474d4a3177792b435831793070626b71533877643553316e36585554795a7230594b30493d

[DEBUG] GS count: 2
[DEBUG] payload visualized:
b'0104660695360146215:NVWQMbtLuI5Y9/u?+h<GS>91EE12<GS>92hC7m5CRGMJ1wy+CX1y0pbkqS8wd5S1n6XUTyZr0YK0I='

[DEBUG] GTIN lines:
  [1] 04660695360146

[DEBUG] NAME lines:
  [1] У/ф лампа для АСМ-модуля систем
  [2] очистки воды, RALE030A1

[DEBUG] AI21 lines:
  [1] (21) 5:NVWQMbtLuI5

[DEBUG] text image size: (450, 106)
[DEBUG] eac image size: (115, 64)
[DEBUG] eac offset: 130 0
[DEBUG] text offset y: 150
[DEBUG] ZPL length: 14206
[DEBUG] First 300 bytes of ZPL:
b'^XA\r\n^FO80,40\r\n^BXN,4,200\r\n^FD0104660695360146215:NVWQMbtLuI5Y9/u?+h\x1d91EE12\x1d92hC7m5CRGMJ1wy+CX1y0pbkqS8wd5S1n6XUTyZr0YK0I=^FS\r\n^FO210,40\r\n^GFA,960,960,15,00000000000000000000000000000000000000000000000000000000000000000000000000000000000000000000000000000000000000000000000000000000000000000000000000'

[INFO] Sending to 172.16.102.80:9100
[OK] Label sent

