
==========================================
[RUN] one row=5 ip=192.168.14.105 time=20.04.2026 12:49:50,27
[DEBUG] Excel row: 7
[DEBUG] repr(barcode_value):
'0104660695360139215rVEO7Ig9qfNgtsYi.,+_x001D_91EE12_x001D_920NOQ/g63PpOmRkZfL4Ld+OPQsW73yHPbip+EHq4HqxQ='

[DEBUG] payload length: 92
[DEBUG] payload hex:
303130343636303639353336303133393231357256454f3749673971664e67747359692e2c2b1d3931454531321d3932304e4f512f67363350704f6d526b5a664c344c642b4f5051735737337948506269702b45487134487178513d

[DEBUG] GS count: 2
[DEBUG] payload visualized:
b'0104660695360139215rVEO7Ig9qfNgtsYi.,+<GS>91EE12<GS>920NOQ/g63PpOmRkZfL4Ld+OPQsW73yHPbip+EHq4HqxQ='

[DEBUG] GTIN lines:
  [1] 04660695360139

[DEBUG] NAME lines:
  [1] У/ф лампа для систем очистки воды
  [2] Genie, RALE005A1

[DEBUG] AI21 lines:
  [1] (21) 5rVEO7Ig9qfNg

[DEBUG] text image size: (450, 97)
[DEBUG] eac image size: (115, 64)
[DEBUG] eac offset: 88 0
[DEBUG] text offset y: 110
[DEBUG] ZPL length: 13180
[DEBUG] First 300 bytes of ZPL:
b'^XA\r\n^FO15,20\r\n^BXN,3,200\r\n^FD0104660695360139215rVEO7Ig9qfNgtsYi.,+\x1d91EE12\x1d920NOQ/g63PpOmRkZfL4Ld+OPQsW73yHPbip+EHq4HqxQ=^FS\r\n^FO103,20\r\n^GFA,960,960,15,00000000000000000000000000000000000000000000000000000000000000000000000000000000000000000000000000000000000000000000000000000000000000000000000000'

[INFO] Sending to 192.168.14.105:9100
[OK] Label sent

