
==========================================
[RUN] one row=4 ip=192.168.14.105 time=17.04.2026 12:29:46,47
[DEBUG] Excel row: 6
[DEBUG] repr(barcode_value):
'0104660695360122215O!9Hq"xX0V\'V-JL;D"G_x001D_91EE11_x001D_92n7ucr/gqhtGsO1TZdzdkarpMlwQ8AZ+S62UAufZiudA='

[DEBUG] payload length: 92
[DEBUG] payload hex:
303130343636303639353336303132323231354f21394871227858305627562d4a4c3b4422471d3931454531311d39326e377563722f6771687447734f31545a647a646b6172704d6c775138415a2b533632554175665a697564413d

[DEBUG] GS count: 2
[DEBUG] payload visualized:
b'0104660695360122215O!9Hq"xX0V\'V-JL;D"G<GS>91EE11<GS>92n7ucr/gqhtGsO1TZdzdkarpMlwQ8AZ+S62UAufZiudA='

[DEBUG] GTIN lines:
  [1] 04660695360122

[DEBUG] NAME lines:
  [1] UV КЮЛОЮ 185 МЛ, 265020601

[DEBUG] AI21 lines:
  [1] (21) 5O!9Hq"xX0V'V

[DEBUG] text image size: (450, 75)
[DEBUG] eac image size: (115, 64)
[DEBUG] eac offset: 88 0
[DEBUG] text offset y: 110
[DEBUG] ZPL length: 10672
[DEBUG] First 300 bytes of ZPL:
b'^XA\r\n^FO32,20\r\n^BXN,3,200\r\n^FD0104660695360122215O!9Hq"xX0V\'V-JL;D"G\x1d91EE11\x1d92n7ucr/gqhtGsO1TZdzdkarpMlwQ8AZ+S62UAufZiudA=^FS\r\n^FO120,20\r\n^GFA,960,960,15,00000000000000000000000000000000000000000000000000000000000000000000000000000000000000000000000000000000000000000000000000000000000000000000000000'

[INFO] нРОПЮБЙЮ ОН TCP: 192.168.14.105:9100
[OK] йНЛЮМДЮ НРОПЮБКЕМЮ МЮ ОПХМРЕП

