
==========================================
[RUN] one row=5 ip=172.16.102.80 time=20.04.2026 10:44:53,18
[DEBUG] Excel row: 7
[DEBUG] repr(barcode_value):
'0104660695360122215O?_tFeVNEQr,cnBC,GB_x001D_91EE11_x001D_928bHR4actDCRizrOwtWkjnc1RrOn97Ab45UGPGHr2/do='

[DEBUG] payload length: 92
[DEBUG] payload hex:
303130343636303639353336303132323231354f3f5f744665564e4551722c636e42432c47421d3931454531311d39323862485234616374444352697a724f7774576b6a6e633152724f6e393741623435554750474872322f646f3d

[DEBUG] GS count: 2
[DEBUG] payload visualized:
b'0104660695360122215O?_tFeVNEQr,cnBC,GB<GS>91EE11<GS>928bHR4actDCRizrOwtWkjnc1RrOn97Ab45UGPGHr2/do='

[DEBUG] GTIN lines:
  [1] 04660695360122

[DEBUG] NAME lines:
  [1] UV КЮЛОЮ 185 МЛ, 265020601

[DEBUG] AI21 lines:
  [1] (21) 5O?_tFeVNEQr,

[DEBUG] text image size: (450, 82)
[DEBUG] eac image size: (115, 64)
[DEBUG] eac offset: 130 0
[DEBUG] text offset y: 150
[DEBUG] ZPL length: 11472
[DEBUG] First 300 bytes of ZPL:
b'^XA\r\n^FO100,40\r\n^BXN,4,200\r\n^FD0104660695360122215O?_tFeVNEQr,cnBC,GB\x1d91EE11\x1d928bHR4actDCRizrOwtWkjnc1RrOn97Ab45UGPGHr2/do=^FS\r\n^FO230,40\r\n^GFA,960,960,15,0000000000000000000000000000000000000000000000000000000000000000000000000000000000000000000000000000000000000000000000000000000000000000000000000'

[INFO] нРОПЮБЙЮ ОН TCP: 172.16.102.80:9100
[OK] йНЛЮМДЮ НРОПЮБКЕМЮ МЮ ОПХМРЕП

