
==========================================
[RUN] one row=0 ip=192.168.14.105 time=20.04.2026 11:37:29,45
[DEBUG] Excel row: 2
[DEBUG] repr(barcode_value):
'0104660695360139215&stKc%/RVLEAzQM8PXx_x001D_91EE12_x001D_92X9Gm6P9TC2VkpwZ0EcyKws6jw5DfOqKUW9WV8HqKw6g='

[DEBUG] payload length: 92
[DEBUG] payload hex:
303130343636303639353336303133393231352673744b63252f52564c45417a514d385058781d3931454531321d39325839476d365039544332566b70775a304563794b7773366a773544664f714b55573957563848714b7736673d

[DEBUG] GS count: 2
[DEBUG] payload visualized:
b'0104660695360139215&stKc%/RVLEAzQM8PXx<GS>91EE12<GS>92X9Gm6P9TC2VkpwZ0EcyKws6jw5DfOqKUW9WV8HqKw6g='

[DEBUG] GTIN lines:
  [1] 04660695360139

[DEBUG] NAME lines:
  [1] У/ф лампа для систем очистки воды
  [2] Genie, RALE005A1

[DEBUG] AI21 lines:
  [1] (21) 5&stKc%/RVLEA

[DEBUG] text image size: (450, 97)
[DEBUG] eac image size: (115, 64)
[DEBUG] eac offset: 88 0
[DEBUG] text offset y: 110
[DEBUG] ZPL length: 13180
[DEBUG] First 300 bytes of ZPL:
b'^XA\r\n^FO30,20\r\n^BXN,3,200\r\n^FD0104660695360139215&stKc%/RVLEAzQM8PXx\x1d91EE12\x1d92X9Gm6P9TC2VkpwZ0EcyKws6jw5DfOqKUW9WV8HqKw6g=^FS\r\n^FO118,20\r\n^GFA,960,960,15,00000000000000000000000000000000000000000000000000000000000000000000000000000000000000000000000000000000000000000000000000000000000000000000000000'

[INFO] Отправка по TCP: 192.168.14.105:9100
[OK] Команда отправлена на принтер

